=== puma startup: 2020-07-26 05:01:14 +0000 ===
* Listening on tcp://0.0.0.0:3000
* Listening on unix:///home/ec2-user/website-Clinic/releases/20200726043027/tmp/sockets/puma.sock
- Gracefully stopping, waiting for requests to finish
=== puma shutdown: 2020-07-26 05:09:53 +0000 ===
- Goodbye!
Exiting
=== puma startup: 2020-07-26 05:10:09 +0000 ===
* Listening on tcp://0.0.0.0:3000
* Listening on unix:///home/ec2-user/website-Clinic/releases/20200726043027/tmp/sockets/puma.sock
=== puma startup: 2020-07-26 05:12:02 +0000 ===
Exiting
- Gracefully stopping, waiting for requests to finish
=== puma shutdown: 2020-07-26 05:35:46 +0000 ===
- Goodbye!
Exiting
=== puma startup: 2020-07-26 05:36:16 +0000 ===
* Listening on tcp://0.0.0.0:3000
* Listening on unix:///home/ec2-user/website-Clinic/releases/20200726043027/tmp/sockets/puma.sock
- Gracefully stopping, waiting for requests to finish
=== puma shutdown: 2020-07-26 05:50:48 +0000 ===
- Goodbye!
Exiting
=== puma startup: 2020-07-26 05:51:19 +0000 ===
* Listening on tcp://0.0.0.0:3000
* Listening on unix:///home/ec2-user/website-Clinic/releases/20200726043027/tmp/sockets/puma.sock
- Gracefully stopping, waiting for requests to finish
=== puma shutdown: 2020-07-26 06:00:37 +0000 ===
- Goodbye!
Exiting
=== puma startup: 2020-07-26 06:00:58 +0000 ===
* Listening on tcp://0.0.0.0:3000
* Listening on unix:///home/ec2-user/website-Clinic/releases/20200726043027/tmp/sockets/puma.sock
- Gracefully stopping, waiting for requests to finish
=== puma shutdown: 2020-07-26 06:06:51 +0000 ===
- Goodbye!
Exiting
=== puma startup: 2020-07-26 06:08:13 +0000 ===
* Listening on tcp://0.0.0.0:3000
* Listening on unix:///home/ec2-user/website-Clinic/releases/20200726043027/tmp/sockets/puma.sock
- Gracefully stopping, waiting for requests to finish
=== puma shutdown: 2020-07-26 06:12:18 +0000 ===
- Goodbye!
Exiting
=== puma startup: 2020-07-26 06:12:34 +0000 ===
* Listening on tcp://0.0.0.0:3000
* Listening on unix:///home/ec2-user/website-Clinic/releases/20200726043027/tmp/sockets/puma.sock
- Gracefully stopping, waiting for requests to finish
=== puma shutdown: 2020-07-26 06:24:32 +0000 ===
- Goodbye!
Exiting
=== puma startup: 2020-07-26 06:24:46 +0000 ===
* Listening on tcp://0.0.0.0:3000
* Listening on unix:///home/ec2-user/website-Clinic/releases/20200726043027/tmp/sockets/puma.sock
- Gracefully stopping, waiting for requests to finish
=== puma shutdown: 2020-07-26 06:51:13 +0000 ===
- Goodbye!
Exiting
=== puma startup: 2020-07-26 06:51:38 +0000 ===
* Listening on tcp://0.0.0.0:3000
* Listening on unix:///home/ec2-user/website-Clinic/releases/20200726043027/tmp/sockets/puma.sock
- Gracefully stopping, waiting for requests to finish
=== puma shutdown: 2020-07-26 06:59:13 +0000 ===
- Goodbye!
Exiting
=== puma startup: 2020-07-26 06:59:33 +0000 ===
* Listening on tcp://0.0.0.0:3000
* Listening on unix:///home/ec2-user/website-Clinic/releases/20200726043027/tmp/sockets/puma.sock
- Gracefully stopping, waiting for requests to finish
=== puma shutdown: 2020-07-26 07:02:08 +0000 ===
- Goodbye!
Exiting
=== puma startup: 2020-07-26 07:02:18 +0000 ===
* Listening on tcp://0.0.0.0:3000
* Listening on unix:///home/ec2-user/website-Clinic/releases/20200726043027/tmp/sockets/puma.sock
- Gracefully stopping, waiting for requests to finish
=== puma shutdown: 2020-07-26 07:04:34 +0000 ===
- Goodbye!
Exiting
=== puma startup: 2020-07-26 07:04:48 +0000 ===
* Listening on tcp://0.0.0.0:3000
* Listening on unix:///home/ec2-user/website-Clinic/releases/20200726043027/tmp/sockets/puma.sock
- Gracefully stopping, waiting for requests to finish
=== puma shutdown: 2020-07-26 07:08:43 +0000 ===
- Goodbye!
Exiting
=== puma startup: 2020-07-26 07:09:08 +0000 ===
* Listening on tcp://0.0.0.0:3000
* Listening on unix:///home/ec2-user/website-Clinic/releases/20200726043027/tmp/sockets/puma.sock
- Gracefully stopping, waiting for requests to finish
=== puma shutdown: 2020-07-26 07:14:09 +0000 ===
- Goodbye!
Exiting
=== puma startup: 2020-07-26 07:14:22 +0000 ===
* Listening on tcp://0.0.0.0:3000
* Listening on unix:///home/ec2-user/website-Clinic/releases/20200726043027/tmp/sockets/puma.sock
- Gracefully stopping, waiting for requests to finish
=== puma shutdown: 2020-07-26 07:18:43 +0000 ===
- Goodbye!
Exiting
=== puma startup: 2020-07-26 07:19:19 +0000 ===
* Listening on tcp://0.0.0.0:3000
* Listening on unix:///home/ec2-user/website-Clinic/releases/20200726043027/tmp/sockets/puma.sock
- Gracefully stopping, waiting for requests to finish
=== puma shutdown: 2020-07-26 07:29:50 +0000 ===
- Goodbye!
Exiting
=== puma startup: 2020-07-26 07:30:04 +0000 ===
* Listening on tcp://0.0.0.0:3000
* Listening on unix:///home/ec2-user/website-Clinic/releases/20200726043027/tmp/sockets/puma.sock
- Gracefully stopping, waiting for requests to finish
=== puma shutdown: 2020-07-26 07:48:10 +0000 ===
- Goodbye!
Exiting
=== puma startup: 2020-07-26 07:48:29 +0000 ===
* Listening on tcp://0.0.0.0:3000
* Listening on unix:///home/ec2-user/website-Clinic/releases/20200726043027/tmp/sockets/puma.sock
- Gracefully stopping, waiting for requests to finish
=== puma shutdown: 2020-07-26 07:50:02 +0000 ===
- Goodbye!
Exiting
=== puma startup: 2020-07-26 07:50:24 +0000 ===
* Listening on tcp://0.0.0.0:3000
* Listening on unix:///home/ec2-user/website-Clinic/releases/20200726043027/tmp/sockets/puma.sock
- Gracefully stopping, waiting for requests to finish
=== puma shutdown: 2020-07-26 08:31:38 +0000 ===
- Goodbye!
Exiting
=== puma startup: 2020-07-26 08:31:52 +0000 ===
* Listening on tcp://0.0.0.0:3000
* Listening on unix:///home/ec2-user/website-Clinic/releases/20200726043027/tmp/sockets/puma.sock
